<?xml version="1.0" encoding="UTF-8"?>
<!-- Generated by org.testng.reporters.JUnitXMLReporter -->
<testsuite ignored="0" hostname="LAPTOP-I8O0CL24" failures="0" tests="3" name="Amazon Tests" time="23.555" errors="0" timestamp="2026-04-18T16:09:28 IST">
  <testcase classname="com.testCases.TestCasesAmezon" name="clickOnMobileMenu" time="5.46"/>
  <testcase classname="com.testCases.TestCasesAmezon" name="launchTest" time="0.002"/>
  <testcase classname="com.testCases.TestCasesAmezon" name="printMenuItems" time="7.42"/>
</testsuite> <!-- Amazon Tests -->
