<?xml version="1.0" encoding="UTF-8"?>
<!-- Generated by org.testng.reporters.JUnitXMLReporter -->
<testsuite ignored="1" hostname="LAPTOP-I8O0CL24" failures="0" tests="1" name="Default test" time="6.456" errors="0" timestamp="2026-04-18T14:13:34 IST">
  <testcase classname="com.testCases.TestCasesAmezon" name="clickOnMobileMenu" time="4.506"/>
  <testcase classname="com.testCases.TestCasesAmezon" name="launchTest" time="0.0">
    <ignored/>
  </testcase> <!-- launchTest -->
</testsuite> <!-- Default test -->
