<?xml version="1.0" encoding="UTF-8"?>
<!-- Generated by org.testng.reporters.JUnitXMLReporter -->
<testsuite ignored="2" hostname="LAPTOP-I8O0CL24" failures="0" tests="1" name="Default test" time="8.397" errors="0" timestamp="2026-04-18T15:32:12 IST">
  <testcase classname="com.testCases.TestCasesAmezon" name="printMenuItems" time="6.435"/>
  <testcase classname="com.testCases.TestCasesAmezon" name="launchTest" time="0.0">
    <ignored/>
  </testcase> <!-- launchTest -->
  <testcase classname="com.testCases.TestCasesAmezon" name="clickOnMobileMenu" time="0.0">
    <ignored/>
  </testcase> <!-- clickOnMobileMenu -->
</testsuite> <!-- Default test -->
