<?xml version="1.0" encoding="UTF-8"?>
<testng-results ignored="2" total="3" passed="1" failed="0" skipped="0">
  <reporter-output>
  </reporter-output>
  <suite started-at="2026-04-18T15:32:03 IST" name="Default suite" finished-at="2026-04-18T15:32:12 IST" duration-ms="8397">
    <groups>
    </groups>
    <test started-at="2026-04-18T15:32:03 IST" name="Default test" finished-at="2026-04-18T15:32:12 IST" duration-ms="8397">
      <class name="com.testCases.TestCasesAmezon">
        <test-method is-config="true" signature="openBrowser(java.lang.String)[pri:0, instance:com.testCases.TestCasesAmezon@6d026701]" started-at="2026-04-18T15:32:03 IST" name="openBrowser" finished-at="2026-04-18T15:32:05 IST" duration-ms="1889" status="PASS">
          <params>
            <param index="0">
              <value>
                <![CDATA[Chrome]]>
              </value>
            </param>
          </params>
          <reporter-output>
          </reporter-output>
        </test-method> <!-- openBrowser -->
        <test-method is-config="true" signature="SetUpPage()[pri:0, instance:com.testCases.TestCasesAmezon@6d026701]" started-at="2026-04-18T15:32:05 IST" name="SetUpPage" finished-at="2026-04-18T15:32:05 IST" duration-ms="50" status="PASS">
          <reporter-output>
          </reporter-output>
        </test-method> <!-- SetUpPage -->
        <test-method signature="printMenuItems()[pri:0, instance:com.testCases.TestCasesAmezon@6d026701]" started-at="2026-04-18T15:32:05 IST" name="printMenuItems" finished-at="2026-04-18T15:32:12 IST" duration-ms="6435" status="PASS">
          <reporter-output>
          </reporter-output>
        </test-method> <!-- printMenuItems -->
      </class> <!-- com.testCases.TestCasesAmezon -->
    </test> <!-- Default test -->
  </suite> <!-- Default suite -->
</testng-results>
