<?xml version="1.0" encoding="UTF-8"?>
<testng-results ignored="0" total="3" passed="3" failed="0" skipped="0">
  <reporter-output>
  </reporter-output>
  <suite started-at="2026-04-18T16:09:04 IST" name="Amazon Suite" finished-at="2026-04-18T16:09:28 IST" duration-ms="23555">
    <groups>
    </groups>
    <test started-at="2026-04-18T16:09:04 IST" name="Amazon Tests" finished-at="2026-04-18T16:09:28 IST" duration-ms="23555">
      <class name="com.testCases.TestCasesAmezon">
        <test-method is-config="true" signature="setupReport()[pri:0, instance:com.testCases.TestCasesAmezon@21129f1f]" started-at="2026-04-18T16:09:04 IST" name="setupReport" finished-at="2026-04-18T16:09:04 IST" duration-ms="185" status="PASS">
          <reporter-output>
          </reporter-output>
        </test-method> <!-- setupReport -->
        <test-method is-config="true" signature="openBrowser(java.lang.String)[pri:0, instance:com.testCases.TestCasesAmezon@21129f1f]" started-at="2026-04-18T16:09:04 IST" name="openBrowser" finished-at="2026-04-18T16:09:11 IST" duration-ms="6871" status="PASS">
          <params>
            <param index="0">
              <value>
                <![CDATA[Chrome]]>
              </value>
            </param>
          </params>
          <reporter-output>
          </reporter-output>
        </test-method> <!-- openBrowser -->
        <test-method is-config="true" signature="setup(java.lang.reflect.Method)[pri:0, instance:com.testCases.TestCasesAmezon@21129f1f]" started-at="2026-04-18T16:09:11 IST" name="setup" finished-at="2026-04-18T16:09:11 IST" duration-ms="42" status="PASS">
          <params>
            <param index="0">
              <value>
                <![CDATA[public void com.testCases.TestCasesAmezon.clickOnMobileMenu()]]>
              </value>
            </param>
          </params>
          <reporter-output>
          </reporter-output>
        </test-method> <!-- setup -->
        <test-method signature="clickOnMobileMenu()[pri:0, instance:com.testCases.TestCasesAmezon@21129f1f]" started-at="2026-04-18T16:09:11 IST" name="clickOnMobileMenu" finished-at="2026-04-18T16:09:16 IST" duration-ms="5460" status="PASS">
          <reporter-output>
          </reporter-output>
        </test-method> <!-- clickOnMobileMenu -->
        <test-method is-config="true" signature="tearDown()[pri:0, instance:com.testCases.TestCasesAmezon@21129f1f]" started-at="2026-04-18T16:09:16 IST" name="tearDown" finished-at="2026-04-18T16:09:17 IST" duration-ms="444" status="PASS">
          <reporter-output>
          </reporter-output>
        </test-method> <!-- tearDown -->
        <test-method is-config="true" signature="openBrowser(java.lang.String)[pri:0, instance:com.testCases.TestCasesAmezon@21129f1f]" started-at="2026-04-18T16:09:17 IST" name="openBrowser" finished-at="2026-04-18T16:09:18 IST" duration-ms="1475" status="PASS">
          <params>
            <param index="0">
              <value>
                <![CDATA[Chrome]]>
              </value>
            </param>
          </params>
          <reporter-output>
          </reporter-output>
        </test-method> <!-- openBrowser -->
        <test-method is-config="true" signature="setup(java.lang.reflect.Method)[pri:0, instance:com.testCases.TestCasesAmezon@21129f1f]" started-at="2026-04-18T16:09:18 IST" name="setup" finished-at="2026-04-18T16:09:18 IST" duration-ms="1" status="PASS">
          <params>
            <param index="0">
              <value>
                <![CDATA[public void com.testCases.TestCasesAmezon.launchTest()]]>
              </value>
            </param>
          </params>
          <reporter-output>
          </reporter-output>
        </test-method> <!-- setup -->
        <test-method signature="launchTest()[pri:0, instance:com.testCases.TestCasesAmezon@21129f1f]" started-at="2026-04-18T16:09:18 IST" name="launchTest" finished-at="2026-04-18T16:09:18 IST" duration-ms="2" status="PASS">
          <reporter-output>
          </reporter-output>
        </test-method> <!-- launchTest -->
        <test-method is-config="true" signature="tearDown()[pri:0, instance:com.testCases.TestCasesAmezon@21129f1f]" started-at="2026-04-18T16:09:18 IST" name="tearDown" finished-at="2026-04-18T16:09:19 IST" duration-ms="129" status="PASS">
          <reporter-output>
          </reporter-output>
        </test-method> <!-- tearDown -->
        <test-method is-config="true" signature="openBrowser(java.lang.String)[pri:0, instance:com.testCases.TestCasesAmezon@21129f1f]" started-at="2026-04-18T16:09:19 IST" name="openBrowser" finished-at="2026-04-18T16:09:20 IST" duration-ms="1508" status="PASS">
          <params>
            <param index="0">
              <value>
                <![CDATA[Chrome]]>
              </value>
            </param>
          </params>
          <reporter-output>
          </reporter-output>
        </test-method> <!-- openBrowser -->
        <test-method is-config="true" signature="setup(java.lang.reflect.Method)[pri:0, instance:com.testCases.TestCasesAmezon@21129f1f]" started-at="2026-04-18T16:09:20 IST" name="setup" finished-at="2026-04-18T16:09:20 IST" duration-ms="2" status="PASS">
          <params>
            <param index="0">
              <value>
                <![CDATA[public void com.testCases.TestCasesAmezon.printMenuItems() throws java.lang.Exception]]>
              </value>
            </param>
          </params>
          <reporter-output>
          </reporter-output>
        </test-method> <!-- setup -->
        <test-method signature="printMenuItems()[pri:0, instance:com.testCases.TestCasesAmezon@21129f1f]" started-at="2026-04-18T16:09:20 IST" name="printMenuItems" finished-at="2026-04-18T16:09:27 IST" duration-ms="7420" status="PASS">
          <reporter-output>
          </reporter-output>
        </test-method> <!-- printMenuItems -->
        <test-method is-config="true" signature="tearDown()[pri:0, instance:com.testCases.TestCasesAmezon@21129f1f]" started-at="2026-04-18T16:09:27 IST" name="tearDown" finished-at="2026-04-18T16:09:28 IST" duration-ms="167" status="PASS">
          <reporter-output>
          </reporter-output>
        </test-method> <!-- tearDown -->
        <test-method is-config="true" signature="flushReport()[pri:0, instance:com.testCases.TestCasesAmezon@21129f1f]" started-at="2026-04-18T16:09:28 IST" name="flushReport" finished-at="2026-04-18T16:09:28 IST" duration-ms="12" status="PASS">
          <reporter-output>
          </reporter-output>
        </test-method> <!-- flushReport -->
      </class> <!-- com.testCases.TestCasesAmezon -->
    </test> <!-- Amazon Tests -->
  </suite> <!-- Amazon Suite -->
</testng-results>
