<?xml version="1.0" encoding="UTF-8"?>
<!-- Generated by org.testng.reporters.JUnitReportReporter -->
<testsuite hostname="LAPTOP-I8O0CL24" failures="0" tests="3" name="com.testCases.TestCasesAmezon" time="23.521" errors="0" timestamp="2026-04-18T16:09:28 IST" skipped="0">
  <testcase classname="com.testCases.TestCasesAmezon" name="printMenuItems" time="9.414"/>
  <testcase classname="com.testCases.TestCasesAmezon" name="launchTest" time="7.004"/>
  <testcase classname="com.testCases.TestCasesAmezon" name="clickOnMobileMenu" time="7.103"/>
</testsuite> <!-- com.testCases.TestCasesAmezon -->
